<html>
<head>
<title>TestNG:  Test</title>
<link href="../testng.css" rel="stylesheet" type="text/css" />
<link href="../my-testng.css" rel="stylesheet" type="text/css" />

<style type="text/css">
.log { display: none;} 
.stack-trace { display: none;} 
</style>
<script type="text/javascript">
<!--
function flip(e) {
  current = e.style.display;
  if (current == 'block') {
    e.style.display = 'none';
    return 0;
  }
  else {
    e.style.display = 'block';
    return 1;
  }
}

function toggleBox(szDivId, elem, msg1, msg2)
{
  var res = -1;  if (document.getElementById) {
    res = flip(document.getElementById(szDivId));
  }
  else if (document.all) {
    // this is the way old msie versions work
    res = flip(document.all[szDivId]);
  }
  if(elem) {
    if(res == 0) elem.innerHTML = msg1; else elem.innerHTML = msg2;
  }

}

function toggleAllBoxes() {
  if (document.getElementsByTagName) {
    d = document.getElementsByTagName('div');
    for (i = 0; i < d.length; i++) {
      if (d[i].className == 'log') {
        flip(d[i]);
      }
    }
  }
}

// -->
</script>

</head>
<body>
<h2 align='center'>Test</h2><table border='1' align="center">
<tr>
<td>Tests passed/Failed/Skipped:</td><td>18/3/0</td>
</tr><tr>
<td>Started on:</td><td>Tue Feb 11 19:51:38 IST 2025</td>
</tr>
<tr><td>Total time:</td><td>386 seconds (386499 ms)</td>
</tr><tr>
<td>Included groups:</td><td></td>
</tr><tr>
<td>Excluded groups:</td><td></td>
</tr>
</table><p/>
<small><i>(Hover the method name to see the test class name)</i></small><p/>
<table width='100%' border='1' class='invocation-failed'>
<tr><td colspan='4' align='center'><b>FAILED TESTS</b></td></tr>
<tr><td><b>Test method</b></td>
<td><b>Attribute(s)</b></td>
<td width="30%"><b>Exception</b></td>
<td width="10%"><b>Time (seconds)</b></td>
<td><b>Instance</b></td>
</tr>
<tr>
<td title='suite.TC_010_CheckFooterLink_Functional.checkLogo()'><b>checkLogo</b><br>Test class: suite.TC_010_CheckFooterLink_Functional</td>
<td><div><pre>java.lang.AssertionError: expected [true] but found [false]
	at suite.TC_010_CheckFooterLink_Functional.checkLogo(TC_010_CheckFooterLink_Functional.java:29)
	at java.base/java.util.ArrayList.forEach(ArrayList.java:1596)
... Removed 29 stack frames</pre></div><a href='#' onClick='toggleBox("stack-trace1223213866", this, "Click to show all stack frames", "Click to hide stack frames")'>Click to show all stack frames</a>
<div class='stack-trace' id='stack-trace1223213866'><pre>java.lang.AssertionError: expected [true] but found [false]
	at org.testng.Assert.fail(Assert.java:111)
	at org.testng.Assert.failNotEquals(Assert.java:1578)
	at org.testng.Assert.assertTrue(Assert.java:57)
	at org.testng.Assert.assertTrue(Assert.java:67)
	at suite.TC_010_CheckFooterLink_Functional.checkLogo(TC_010_CheckFooterLink_Functional.java:29)
	at java.base/jdk.internal.reflect.DirectMethodHandleAccessor.invoke(DirectMethodHandleAccessor.java:103)
	at java.base/java.lang.reflect.Method.invoke(Method.java:580)
	at org.testng.internal.invokers.MethodInvocationHelper.invokeMethod(MethodInvocationHelper.java:141)
	at org.testng.internal.invokers.TestInvoker.invokeMethod(TestInvoker.java:686)
	at org.testng.internal.invokers.TestInvoker.invokeTestMethod(TestInvoker.java:230)
	at org.testng.internal.invokers.MethodRunner.runInSequence(MethodRunner.java:63)
	at org.testng.internal.invokers.TestInvoker$MethodInvocationAgent.invoke(TestInvoker.java:992)
	at org.testng.internal.invokers.TestInvoker.invokeTestMethods(TestInvoker.java:203)
	at org.testng.internal.invokers.TestMethodWorker.invokeTestMethods(TestMethodWorker.java:154)
	at org.testng.internal.invokers.TestMethodWorker.run(TestMethodWorker.java:134)
	at java.base/java.util.ArrayList.forEach(ArrayList.java:1596)
	at org.testng.TestRunner.privateRun(TestRunner.java:739)
	at org.testng.TestRunner.run(TestRunner.java:614)
	at org.testng.SuiteRunner.runTest(SuiteRunner.java:421)
	at org.testng.SuiteRunner.runSequentially(SuiteRunner.java:413)
	at org.testng.SuiteRunner.privateRun(SuiteRunner.java:373)
	at org.testng.SuiteRunner.run(SuiteRunner.java:312)
	at org.testng.SuiteRunnerWorker.runSuite(SuiteRunnerWorker.java:52)
	at org.testng.SuiteRunnerWorker.run(SuiteRunnerWorker.java:95)
	at org.testng.TestNG.runSuitesSequentially(TestNG.java:1274)
	at org.testng.TestNG.runSuitesLocally(TestNG.java:1208)
	at org.testng.TestNG.runSuites(TestNG.java:1112)
	at org.testng.TestNG.run(TestNG.java:1079)
	at org.testng.remote.AbstractRemoteTestNG.run(AbstractRemoteTestNG.java:115)
	at org.testng.remote.RemoteTestNG.initAndRun(RemoteTestNG.java:293)
	at org.testng.remote.RemoteTestNG.main(RemoteTestNG.java:91)
</pre></div></td>
<td>16</td>
<td>suite.TC_010_CheckFooterLink_Functional@139982de</td></tr>
<tr>
<td title='suite.TC_002_CheckLogo.checkLogo()'><b>checkLogo</b><br>Test class: suite.TC_002_CheckLogo</td>
<td><div><pre>java.lang.AssertionError: expected [true] but found [false]
	at suite.TC_002_CheckLogo.checkLogo(TC_002_CheckLogo.java:14)
	at java.base/java.util.ArrayList.forEach(ArrayList.java:1596)
... Removed 29 stack frames</pre></div><a href='#' onClick='toggleBox("stack-trace1723848804", this, "Click to show all stack frames", "Click to hide stack frames")'>Click to show all stack frames</a>
<div class='stack-trace' id='stack-trace1723848804'><pre>java.lang.AssertionError: expected [true] but found [false]
	at org.testng.Assert.fail(Assert.java:111)
	at org.testng.Assert.failNotEquals(Assert.java:1578)
	at org.testng.Assert.assertTrue(Assert.java:57)
	at org.testng.Assert.assertTrue(Assert.java:67)
	at suite.TC_002_CheckLogo.checkLogo(TC_002_CheckLogo.java:14)
	at java.base/jdk.internal.reflect.DirectMethodHandleAccessor.invoke(DirectMethodHandleAccessor.java:103)
	at java.base/java.lang.reflect.Method.invoke(Method.java:580)
	at org.testng.internal.invokers.MethodInvocationHelper.invokeMethod(MethodInvocationHelper.java:141)
	at org.testng.internal.invokers.TestInvoker.invokeMethod(TestInvoker.java:686)
	at org.testng.internal.invokers.TestInvoker.invokeTestMethod(TestInvoker.java:230)
	at org.testng.internal.invokers.MethodRunner.runInSequence(MethodRunner.java:63)
	at org.testng.internal.invokers.TestInvoker$MethodInvocationAgent.invoke(TestInvoker.java:992)
	at org.testng.internal.invokers.TestInvoker.invokeTestMethods(TestInvoker.java:203)
	at org.testng.internal.invokers.TestMethodWorker.invokeTestMethods(TestMethodWorker.java:154)
	at org.testng.internal.invokers.TestMethodWorker.run(TestMethodWorker.java:134)
	at java.base/java.util.ArrayList.forEach(ArrayList.java:1596)
	at org.testng.TestRunner.privateRun(TestRunner.java:739)
	at org.testng.TestRunner.run(TestRunner.java:614)
	at org.testng.SuiteRunner.runTest(SuiteRunner.java:421)
	at org.testng.SuiteRunner.runSequentially(SuiteRunner.java:413)
	at org.testng.SuiteRunner.privateRun(SuiteRunner.java:373)
	at org.testng.SuiteRunner.run(SuiteRunner.java:312)
	at org.testng.SuiteRunnerWorker.runSuite(SuiteRunnerWorker.java:52)
	at org.testng.SuiteRunnerWorker.run(SuiteRunnerWorker.java:95)
	at org.testng.TestNG.runSuitesSequentially(TestNG.java:1274)
	at org.testng.TestNG.runSuitesLocally(TestNG.java:1208)
	at org.testng.TestNG.runSuites(TestNG.java:1112)
	at org.testng.TestNG.run(TestNG.java:1079)
	at org.testng.remote.AbstractRemoteTestNG.run(AbstractRemoteTestNG.java:115)
	at org.testng.remote.RemoteTestNG.initAndRun(RemoteTestNG.java:293)
	at org.testng.remote.RemoteTestNG.main(RemoteTestNG.java:91)
</pre></div></td>
<td>1</td>
<td>suite.TC_002_CheckLogo@1573f9fc</td></tr>
<tr>
<td title='suite.TC_018_OrangeHRM_YouTube_Functional.YouTube_Functional()'><b>YouTube_Functional</b><br>Test class: suite.TC_018_OrangeHRM_YouTube_Functional</td>
<td><div><pre>java.lang.AssertionError: expected [true] but found [false]
	at suite.TC_018_OrangeHRM_YouTube_Functional.YouTube_Functional(TC_018_OrangeHRM_YouTube_Functional.java:29)
	at java.base/java.util.ArrayList.forEach(ArrayList.java:1596)
... Removed 29 stack frames</pre></div><a href='#' onClick='toggleBox("stack-trace100048427", this, "Click to show all stack frames", "Click to hide stack frames")'>Click to show all stack frames</a>
<div class='stack-trace' id='stack-trace100048427'><pre>java.lang.AssertionError: expected [true] but found [false]
	at org.testng.Assert.fail(Assert.java:111)
	at org.testng.Assert.failNotEquals(Assert.java:1578)
	at org.testng.Assert.assertTrue(Assert.java:57)
	at org.testng.Assert.assertTrue(Assert.java:67)
	at suite.TC_018_OrangeHRM_YouTube_Functional.YouTube_Functional(TC_018_OrangeHRM_YouTube_Functional.java:29)
	at java.base/jdk.internal.reflect.DirectMethodHandleAccessor.invoke(DirectMethodHandleAccessor.java:103)
	at java.base/java.lang.reflect.Method.invoke(Method.java:580)
	at org.testng.internal.invokers.MethodInvocationHelper.invokeMethod(MethodInvocationHelper.java:141)
	at org.testng.internal.invokers.TestInvoker.invokeMethod(TestInvoker.java:686)
	at org.testng.internal.invokers.TestInvoker.invokeTestMethod(TestInvoker.java:230)
	at org.testng.internal.invokers.MethodRunner.runInSequence(MethodRunner.java:63)
	at org.testng.internal.invokers.TestInvoker$MethodInvocationAgent.invoke(TestInvoker.java:992)
	at org.testng.internal.invokers.TestInvoker.invokeTestMethods(TestInvoker.java:203)
	at org.testng.internal.invokers.TestMethodWorker.invokeTestMethods(TestMethodWorker.java:154)
	at org.testng.internal.invokers.TestMethodWorker.run(TestMethodWorker.java:134)
	at java.base/java.util.ArrayList.forEach(ArrayList.java:1596)
	at org.testng.TestRunner.privateRun(TestRunner.java:739)
	at org.testng.TestRunner.run(TestRunner.java:614)
	at org.testng.SuiteRunner.runTest(SuiteRunner.java:421)
	at org.testng.SuiteRunner.runSequentially(SuiteRunner.java:413)
	at org.testng.SuiteRunner.privateRun(SuiteRunner.java:373)
	at org.testng.SuiteRunner.run(SuiteRunner.java:312)
	at org.testng.SuiteRunnerWorker.runSuite(SuiteRunnerWorker.java:52)
	at org.testng.SuiteRunnerWorker.run(SuiteRunnerWorker.java:95)
	at org.testng.TestNG.runSuitesSequentially(TestNG.java:1274)
	at org.testng.TestNG.runSuitesLocally(TestNG.java:1208)
	at org.testng.TestNG.runSuites(TestNG.java:1112)
	at org.testng.TestNG.run(TestNG.java:1079)
	at org.testng.remote.AbstractRemoteTestNG.run(AbstractRemoteTestNG.java:115)
	at org.testng.remote.RemoteTestNG.initAndRun(RemoteTestNG.java:293)
	at org.testng.remote.RemoteTestNG.main(RemoteTestNG.java:91)
</pre></div></td>
<td>12</td>
<td>suite.TC_018_OrangeHRM_YouTube_Functional@5aa9e4eb</td></tr>
</table><p>
<table width='100%' border='1' class='invocation-passed'>
<tr><td colspan='4' align='center'><b>PASSED TESTS</b></td></tr>
<tr><td><b>Test method</b></td>
<td><b>Attribute(s)</b></td>
<td width="30%"><b>Exception</b></td>
<td width="10%"><b>Time (seconds)</b></td>
<td><b>Instance</b></td>
</tr>
<tr>
<td title='suite.TC_014_OrangeHRM_Facebook_Functional.Facebook_Functional()'><b>Facebook_Functional</b><br>Test class: suite.TC_014_OrangeHRM_Facebook_Functional</td>
<td></td>
<td>5</td>
<td>suite.TC_014_OrangeHRM_Facebook_Functional@6a78afa0</td></tr>
<tr>
<td title='suite.TC_012_Linkdin_Functional.linkedin()'><b>linkedin</b><br>Test class: suite.TC_012_Linkdin_Functional</td>
<td></td>
<td>3</td>
<td>suite.TC_012_Linkdin_Functional@2f4948e4</td></tr>
<tr>
<td title='suite.TC_015_OrangeHRM_Twitter_UI.Twitter_UI()'><b>Twitter_UI</b><br>Test class: suite.TC_015_OrangeHRM_Twitter_UI</td>
<td></td>
<td>0</td>
<td>suite.TC_015_OrangeHRM_Twitter_UI@7e6f74c</td></tr>
<tr>
<td title='suite.TC_016_OrangeHRM_Twitter_Functional.Twitter_Functional()'><b>Twitter_Functional</b><br>Test class: suite.TC_016_OrangeHRM_Twitter_Functional</td>
<td></td>
<td>11</td>
<td>suite.TC_016_OrangeHRM_Twitter_Functional@4c12331b</td></tr>
<tr>
<td title='suite.TC_003_Login_text_UI.LoginText_UI()'><b>LoginText_UI</b><br>Test class: suite.TC_003_Login_text_UI</td>
<td></td>
<td>11</td>
<td>suite.TC_003_Login_text_UI@7586beff</td></tr>
<tr>
<td title='suite.TC_020_LoginWithInvalid_Functional.LoginWithInvalid_Functional()'><b>LoginWithInvalid_Functional</b><br>Test class: suite.TC_020_LoginWithInvalid_Functional</td>
<td></td>
<td>5</td>
<td>suite.TC_020_LoginWithInvalid_Functional@dd05255</td></tr>
<tr>
<td title='suite.TC_013_OrangeHRM_Facebook_UI.Facebook_UI()'><b>Facebook_UI</b><br>Test class: suite.TC_013_OrangeHRM_Facebook_UI</td>
<td></td>
<td>0</td>
<td>suite.TC_013_OrangeHRM_Facebook_UI@1165b38</td></tr>
<tr>
<td title='suite.TC_006_CheckRequiredPassword_Error_UI.checkLogin2()'><b>checkLogin2</b><br>Test class: suite.TC_006_CheckRequiredPassword_Error_UI</td>
<td></td>
<td>14</td>
<td>suite.TC_006_CheckRequiredPassword_Error_UI@6989da5e</td></tr>
<tr>
<td title='suite.TC_005_CheckRequireUsername_Error_UI.checkLogin1()'><b>checkLogin1</b><br>Test class: suite.TC_005_CheckRequireUsername_Error_UI</td>
<td></td>
<td>10</td>
<td>suite.TC_005_CheckRequireUsername_Error_UI@10683d9d</td></tr>
<tr>
<td title='suite.TC_009_CheckFooterLink_UI.FooterLink_UI()'><b>FooterLink_UI</b><br>Test class: suite.TC_009_CheckFooterLink_UI</td>
<td></td>
<td>0</td>
<td>suite.TC_009_CheckFooterLink_UI@3b69e7d1</td></tr>
<tr>
<td title='suite.TC_001_CheckURL.checkURL()'><b>checkURL</b><br>Test class: suite.TC_001_CheckURL</td>
<td></td>
<td>2</td>
<td>suite.TC_001_CheckURL@5542c4ed</td></tr>
<tr>
<td title='suite.TC_019_LoginButton_UI.LoginButton_UI()'><b>LoginButton_UI</b><br>Test class: suite.TC_019_LoginButton_UI</td>
<td></td>
<td>0</td>
<td>suite.TC_019_LoginButton_UI@6150c3ec</td></tr>
<tr>
<td title='suite.TC_004_LoginWithInvalidCredentials.checkLogin1()'><b>checkLogin1</b><br>Test class: suite.TC_004_LoginWithInvalidCredentials</td>
<td></td>
<td>11</td>
<td>suite.TC_004_LoginWithInvalidCredentials@815b41f</td></tr>
<tr>
<td title='suite.TC_007_ForgotPasswordLink_UI.ForgotPasswordLink_UI()'><b>ForgotPasswordLink_UI</b><br>Test class: suite.TC_007_ForgotPasswordLink_UI</td>
<td></td>
<td>0</td>
<td>suite.TC_007_ForgotPasswordLink_UI@44c03695</td></tr>
<tr>
<td title='suite.TC_008_ForgotPasswordLink_Functional.checkLogo()'><b>checkLogo</b><br>Test class: suite.TC_008_ForgotPasswordLink_Functional</td>
<td></td>
<td>3</td>
<td>suite.TC_008_ForgotPasswordLink_Functional@1f2586d6</td></tr>
<tr>
<td title='suite.TC_021_LoginWithValid_Functional.LoginWithValid_Functional()'><b>LoginWithValid_Functional</b><br>Test class: suite.TC_021_LoginWithValid_Functional</td>
<td></td>
<td>6</td>
<td>suite.TC_021_LoginWithValid_Functional@385c9627</td></tr>
<tr>
<td title='suite.TC_011_Linkedin_UI.LinkedIn_UI()'><b>LinkedIn_UI</b><br>Test class: suite.TC_011_Linkedin_UI</td>
<td></td>
<td>0</td>
<td>suite.TC_011_Linkedin_UI@3fc2959f</td></tr>
<tr>
<td title='suite.TC_017_OrangeHRM_YouTube_UI.YouTube_UI()'><b>YouTube_UI</b><br>Test class: suite.TC_017_OrangeHRM_YouTube_UI</td>
<td></td>
<td>0</td>
<td>suite.TC_017_OrangeHRM_YouTube_UI@55141def</td></tr>
</table><p>
</body>
</html>