<?xml version="1.0" encoding="UTF-8"?>
<!-- Generated by org.testng.reporters.JUnitXMLReporter -->
<testsuite ignored="0" hostname="Lenovo" failures="3" tests="21" name="Test" time="386.499" errors="0" timestamp="2025-02-11T19:58:04 IST">
  <testcase classname="suite.TC_017_OrangeHRM_YouTube_UI" name="YouTube_UI" time="0.174"/>
  <testcase classname="suite.TC_013_OrangeHRM_Facebook_UI" name="Facebook_UI" time="0.168"/>
  <testcase classname="suite.TC_016_OrangeHRM_Twitter_Functional" name="Twitter_Functional" time="11.124"/>
  <testcase classname="suite.TC_003_Login_text_UI" name="LoginText_UI" time="11.102"/>
  <testcase classname="suite.TC_009_CheckFooterLink_UI" name="FooterLink_UI" time="0.104"/>
  <testcase classname="suite.TC_004_LoginWithInvalidCredentials" name="checkLogin1" time="11.436"/>
  <testcase classname="suite.TC_001_CheckURL" name="checkURL" time="2.052"/>
  <testcase classname="suite.TC_002_CheckLogo" name="checkLogo" time="1.499">
    <failure type="java.lang.AssertionError" message="expected [true] but found [false]">
      <![CDATA[java.lang.AssertionError: expected [true] but found [false]
at suite.TC_002_CheckLogo.checkLogo(TC_002_CheckLogo.java:14)
at java.base/java.util.ArrayList.forEach(ArrayList.java:1596)
... Removed 29 stack frames]]>
    </failure>
  </testcase> <!-- checkLogo -->
  <testcase classname="suite.TC_019_LoginButton_UI" name="LoginButton_UI" time="0.271"/>
  <testcase classname="suite.TC_007_ForgotPasswordLink_UI" name="ForgotPasswordLink_UI" time="0.091"/>
  <testcase classname="suite.TC_015_OrangeHRM_Twitter_UI" name="Twitter_UI" time="0.158"/>
  <testcase classname="suite.TC_020_LoginWithInvalid_Functional" name="LoginWithInvalid_Functional" time="5.711"/>
  <testcase classname="suite.TC_014_OrangeHRM_Facebook_Functional" name="Facebook_Functional" time="5.822"/>
  <testcase classname="suite.TC_012_Linkdin_Functional" name="linkedin" time="3.962"/>
  <testcase classname="suite.TC_008_ForgotPasswordLink_Functional" name="checkLogo" time="3.078"/>
  <testcase classname="suite.TC_005_CheckRequireUsername_Error_UI" name="checkLogin1" time="10.325"/>
  <testcase classname="suite.TC_011_Linkedin_UI" name="LinkedIn_UI" time="0.582"/>
  <testcase classname="suite.TC_018_OrangeHRM_YouTube_Functional" name="YouTube_Functional" time="12.016">
    <failure type="java.lang.AssertionError" message="expected [true] but found [false]">
      <![CDATA[java.lang.AssertionError: expected [true] but found [false]
at suite.TC_018_OrangeHRM_YouTube_Functional.YouTube_Functional(TC_018_OrangeHRM_YouTube_Functional.java:29)
at java.base/java.util.ArrayList.forEach(ArrayList.java:1596)
... Removed 29 stack frames]]>
    </failure>
  </testcase> <!-- YouTube_Functional -->
  <testcase classname="suite.TC_006_CheckRequiredPassword_Error_UI" name="checkLogin2" time="14.129"/>
  <testcase classname="suite.TC_021_LoginWithValid_Functional" name="LoginWithValid_Functional" time="6.124"/>
  <testcase classname="suite.TC_010_CheckFooterLink_Functional" name="checkLogo" time="16.312">
    <failure type="java.lang.AssertionError" message="expected [true] but found [false]">
      <![CDATA[java.lang.AssertionError: expected [true] but found [false]
at suite.TC_010_CheckFooterLink_Functional.checkLogo(TC_010_CheckFooterLink_Functional.java:29)
at java.base/java.util.ArrayList.forEach(ArrayList.java:1596)
... Removed 29 stack frames]]>
    </failure>
  </testcase> <!-- checkLogo -->
</testsuite> <!-- Test -->
